2024-07-07T15:23:14.565+02:00  INFO 17668 --- [main] com.example.ddmdemo.DdmdemoApplication   : Starting DdmdemoApplication using Java 17.0.3.1 with PID 17668 (C:\Users\milijevic\Desktop\udd p\UDD\udd-backend\target\classes started by milijevic in C:\Users\milijevic\Desktop\udd p\UDD\udd-backend)
2024-07-07T15:23:14.572+02:00  INFO 17668 --- [main] com.example.ddmdemo.DdmdemoApplication   : No active profile set, falling back to 1 default profile: "default"
2024-07-07T15:23:15.112+02:00  INFO 17668 --- [main] .s.d.r.c.RepositoryConfigurationDelegate : Multiple Spring Data modules found, entering strict repository configuration mode
2024-07-07T15:23:15.113+02:00  INFO 17668 --- [main] .s.d.r.c.RepositoryConfigurationDelegate : Bootstrapping Spring Data Elasticsearch repositories in DEFAULT mode.
2024-07-07T15:23:15.151+02:00  INFO 17668 --- [main] .s.d.r.c.RepositoryConfigurationDelegate : Finished Spring Data repository scanning in 33 ms. Found 2 Elasticsearch repository interfaces.
2024-07-07T15:23:15.320+02:00  INFO 17668 --- [main] .s.d.r.c.RepositoryConfigurationDelegate : Multiple Spring Data modules found, entering strict repository configuration mode
2024-07-07T15:23:15.321+02:00  INFO 17668 --- [main] .s.d.r.c.RepositoryConfigurationDelegate : Bootstrapping Spring Data Reactive Elasticsearch repositories in DEFAULT mode.
2024-07-07T15:23:15.346+02:00  INFO 17668 --- [main] .RepositoryConfigurationExtensionSupport : Spring Data Reactive Elasticsearch - Could not safely identify store assignment for repository candidate interface com.example.ddmdemo.respository.ContractRepository; If you want this repository to be a Reactive Elasticsearch repository, consider annotating your entities with one of these annotations: org.springframework.data.elasticsearch.annotations.Document (preferred), or consider extending one of the following types with your repository: org.springframework.data.elasticsearch.repository.ReactiveElasticsearchRepository
2024-07-07T15:23:15.348+02:00  INFO 17668 --- [main] .RepositoryConfigurationExtensionSupport : Spring Data Reactive Elasticsearch - Could not safely identify store assignment for repository candidate interface com.example.ddmdemo.respository.LawRepository; If you want this repository to be a Reactive Elasticsearch repository, consider annotating your entities with one of these annotations: org.springframework.data.elasticsearch.annotations.Document (preferred), or consider extending one of the following types with your repository: org.springframework.data.elasticsearch.repository.ReactiveElasticsearchRepository
2024-07-07T15:23:15.350+02:00  INFO 17668 --- [main] .RepositoryConfigurationExtensionSupport : Spring Data Reactive Elasticsearch - Could not safely identify store assignment for repository candidate interface com.example.ddmdemo.respository.RoleRepository; If you want this repository to be a Reactive Elasticsearch repository, consider annotating your entities with one of these annotations: org.springframework.data.elasticsearch.annotations.Document (preferred), or consider extending one of the following types with your repository: org.springframework.data.elasticsearch.repository.ReactiveElasticsearchRepository
2024-07-07T15:23:15.353+02:00  INFO 17668 --- [main] .RepositoryConfigurationExtensionSupport : Spring Data Reactive Elasticsearch - Could not safely identify store assignment for repository candidate interface com.example.ddmdemo.respository.UserRepository; If you want this repository to be a Reactive Elasticsearch repository, consider annotating your entities with one of these annotations: org.springframework.data.elasticsearch.annotations.Document (preferred), or consider extending one of the following types with your repository: org.springframework.data.elasticsearch.repository.ReactiveElasticsearchRepository
2024-07-07T15:23:15.353+02:00  INFO 17668 --- [main] .s.d.r.c.RepositoryConfigurationDelegate : Finished Spring Data repository scanning in 30 ms. Found 0 Reactive Elasticsearch repository interfaces.
2024-07-07T15:23:15.362+02:00  INFO 17668 --- [main] .s.d.r.c.RepositoryConfigurationDelegate : Multiple Spring Data modules found, entering strict repository configuration mode
2024-07-07T15:23:15.363+02:00  INFO 17668 --- [main] .s.d.r.c.RepositoryConfigurationDelegate : Bootstrapping Spring Data JPA repositories in DEFAULT mode.
2024-07-07T15:23:15.377+02:00  INFO 17668 --- [main] .RepositoryConfigurationExtensionSupport : Spring Data JPA - Could not safely identify store assignment for repository candidate interface com.example.ddmdemo.indexrepository.ContractIndexRepository; If you want this repository to be a JPA repository, consider annotating your entities with one of these annotations: jakarta.persistence.Entity, jakarta.persistence.MappedSuperclass (preferred), or consider extending one of the following types with your repository: org.springframework.data.jpa.repository.JpaRepository
2024-07-07T15:23:15.378+02:00  INFO 17668 --- [main] .RepositoryConfigurationExtensionSupport : Spring Data JPA - Could not safely identify store assignment for repository candidate interface com.example.ddmdemo.indexrepository.LawIndexRepository; If you want this repository to be a JPA repository, consider annotating your entities with one of these annotations: jakarta.persistence.Entity, jakarta.persistence.MappedSuperclass (preferred), or consider extending one of the following types with your repository: org.springframework.data.jpa.repository.JpaRepository
2024-07-07T15:23:15.396+02:00  INFO 17668 --- [main] .s.d.r.c.RepositoryConfigurationDelegate : Finished Spring Data repository scanning in 27 ms. Found 4 JPA repository interfaces.
2024-07-07T15:23:15.647+02:00  INFO 17668 --- [main] o.s.cloud.context.scope.GenericScope     : BeanFactory id=f6e06ffa-940b-3199-8073-2c2c7b6cae75
2024-07-07T15:23:15.761+02:00  INFO 17668 --- [main] trationDelegate$BeanPostProcessorChecker : Bean 'com.example.ddmdemo.infrastructure.LocationClient' of type [org.springframework.cloud.openfeign.FeignClientFactoryBean] is not eligible for getting processed by all BeanPostProcessors (for example: not eligible for auto-proxying)
2024-07-07T15:23:16.151+02:00  INFO 17668 --- [main] o.s.b.w.embedded.tomcat.TomcatWebServer  : Tomcat initialized with port(s): 8080 (http)
2024-07-07T15:23:16.158+02:00  INFO 17668 --- [main] o.apache.catalina.core.StandardService   : Starting service [Tomcat]
2024-07-07T15:23:16.158+02:00  INFO 17668 --- [main] o.apache.catalina.core.StandardEngine    : Starting Servlet engine: [Apache Tomcat/10.1.15]
2024-07-07T15:23:16.236+02:00  INFO 17668 --- [main] o.a.c.c.C.[Tomcat].[localhost].[/]       : Initializing Spring embedded WebApplicationContext
2024-07-07T15:23:16.236+02:00  INFO 17668 --- [main] w.s.c.ServletWebServerApplicationContext : Root WebApplicationContext: initialization completed in 1623 ms
2024-07-07T15:23:16.378+02:00  INFO 17668 --- [main] o.hibernate.jpa.internal.util.LogHelper  : HHH000204: Processing PersistenceUnitInfo [name: default]
2024-07-07T15:23:16.432+02:00  INFO 17668 --- [main] org.hibernate.Version                    : HHH000412: Hibernate ORM core version 6.2.13.Final
2024-07-07T15:23:16.433+02:00  INFO 17668 --- [main] org.hibernate.cfg.Environment            : HHH000406: Using bytecode reflection optimizer
2024-07-07T15:23:16.704+02:00  INFO 17668 --- [main] o.s.o.j.p.SpringPersistenceUnitInfo      : No LoadTimeWeaver setup: ignoring JPA class transformer
2024-07-07T15:23:16.755+02:00  INFO 17668 --- [main] com.zaxxer.hikari.HikariDataSource       : HikariPool-1 - Starting...
2024-07-07T15:23:16.912+02:00  INFO 17668 --- [main] com.zaxxer.hikari.pool.HikariPool        : HikariPool-1 - Added connection org.postgresql.jdbc.PgConnection@74bbc273
2024-07-07T15:23:16.914+02:00  INFO 17668 --- [main] com.zaxxer.hikari.HikariDataSource       : HikariPool-1 - Start completed.
2024-07-07T15:23:16.950+02:00  WARN 17668 --- [main] org.hibernate.orm.deprecation            : HHH90000025: PostgreSQLDialect does not need to be specified explicitly using 'hibernate.dialect' (remove the property setting and it will be selected by default)
2024-07-07T15:23:17.664+02:00  INFO 17668 --- [main] o.h.e.t.j.p.i.JtaPlatformInitiator       : HHH000489: No JTA platform available (set 'hibernate.transaction.jta.platform' to enable JTA platform integration)
2024-07-07T15:23:17.682+02:00  WARN 17668 --- [main] o.h.engine.jdbc.spi.SqlExceptionHelper   : SQL Warning Code: 0, SQLState: 00000
2024-07-07T15:23:17.682+02:00  WARN 17668 --- [main] o.h.engine.jdbc.spi.SqlExceptionHelper   : relation "users" does not exist, skipping
2024-07-07T15:23:17.684+02:00  WARN 17668 --- [main] o.h.engine.jdbc.spi.SqlExceptionHelper   : SQL Warning Code: 0, SQLState: 00000
2024-07-07T15:23:17.684+02:00  WARN 17668 --- [main] o.h.engine.jdbc.spi.SqlExceptionHelper   : table "contracts" does not exist, skipping
2024-07-07T15:23:17.684+02:00  WARN 17668 --- [main] o.h.engine.jdbc.spi.SqlExceptionHelper   : SQL Warning Code: 0, SQLState: 00000
2024-07-07T15:23:17.684+02:00  WARN 17668 --- [main] o.h.engine.jdbc.spi.SqlExceptionHelper   : table "laws" does not exist, skipping
2024-07-07T15:23:17.685+02:00  WARN 17668 --- [main] o.h.engine.jdbc.spi.SqlExceptionHelper   : SQL Warning Code: 0, SQLState: 00000
2024-07-07T15:23:17.685+02:00  WARN 17668 --- [main] o.h.engine.jdbc.spi.SqlExceptionHelper   : table "roles" does not exist, skipping
2024-07-07T15:23:17.686+02:00  WARN 17668 --- [main] o.h.engine.jdbc.spi.SqlExceptionHelper   : SQL Warning Code: 0, SQLState: 00000
2024-07-07T15:23:17.686+02:00  WARN 17668 --- [main] o.h.engine.jdbc.spi.SqlExceptionHelper   : table "users" does not exist, skipping
2024-07-07T15:23:17.741+02:00  INFO 17668 --- [main] j.LocalContainerEntityManagerFactoryBean : Initialized JPA EntityManagerFactory for persistence unit 'default'
2024-07-07T15:23:19.577+02:00  INFO 17668 --- [main] o.s.b.a.w.s.WelcomePageHandlerMapping    : Adding welcome page: class path resource [static/index.html]
2024-07-07T15:23:19.741+02:00  INFO 17668 --- [main] o.s.s.web.DefaultSecurityFilterChain     : Will secure any request with [org.springframework.security.web.session.DisableEncodeUrlFilter@1d0fae45, org.springframework.security.web.context.request.async.WebAsyncManagerIntegrationFilter@596343e7, org.springframework.security.web.context.SecurityContextHolderFilter@5f160341, org.springframework.security.web.header.HeaderWriterFilter@3003d288, org.springframework.security.web.authentication.logout.LogoutFilter@2a742ee4, com.example.ddmdemo.security.TokenAuthenticationFilter@3b25ce5e, org.springframework.security.web.savedrequest.RequestCacheAwareFilter@56a8b19f, org.springframework.security.web.servletapi.SecurityContextHolderAwareRequestFilter@5927473a, org.springframework.security.web.authentication.AnonymousAuthenticationFilter@7b99e726, org.springframework.security.web.session.SessionManagementFilter@5d267575, org.springframework.security.web.access.ExceptionTranslationFilter@794cd751, org.springframework.security.web.access.intercept.FilterSecurityInterceptor@2474331d]
2024-07-07T15:23:20.076+02:00  INFO 17668 --- [main] o.s.b.w.embedded.tomcat.TomcatWebServer  : Tomcat started on port(s): 8080 (http) with context path ''
2024-07-07T15:23:20.205+02:00  INFO 17668 --- [main] com.example.ddmdemo.DdmdemoApplication   : Started DdmdemoApplication in 6.157 seconds (process running for 6.894)
2024-07-07T15:23:50.879+02:00  INFO 17668 --- [http-nio-0.0.0.0-8080-exec-1] o.a.c.c.C.[Tomcat].[localhost].[/]       : Initializing Spring DispatcherServlet 'dispatcherServlet'
2024-07-07T15:23:50.879+02:00  INFO 17668 --- [http-nio-0.0.0.0-8080-exec-1] o.s.web.servlet.DispatcherServlet        : Initializing Servlet 'dispatcherServlet'
2024-07-07T15:23:50.880+02:00  INFO 17668 --- [http-nio-0.0.0.0-8080-exec-1] o.s.web.servlet.DispatcherServlet        : Completed initialization in 1 ms
2024-07-07T15:27:28.372+02:00  INFO 17668 --- [SpringApplicationShutdownHook] j.LocalContainerEntityManagerFactoryBean : Closing JPA EntityManagerFactory for persistence unit 'default'
2024-07-07T15:27:28.392+02:00  INFO 17668 --- [SpringApplicationShutdownHook] com.zaxxer.hikari.HikariDataSource       : HikariPool-1 - Shutdown initiated...
2024-07-07T15:27:28.394+02:00  INFO 17668 --- [SpringApplicationShutdownHook] com.zaxxer.hikari.HikariDataSource       : HikariPool-1 - Shutdown completed.
